Using pre-set license
Built from '2020.3/release' branch; Version is '2020.3.7f1 (dd97f2c94397) revision 14522354'; Using compiler version '192528614'; Build Type 'Release'
OS: 'Windows 10 Pro; OS build 19043.1237; Version 2009; 64bit' Language: 'en' Physical Memory: 3993 MB
BatchMode: 1, IsHumanControllingUs: 0, StartBugReporterOnCrash: 0, Is64bit: 1, IsPro: 0

 COMMAND LINE ARGUMENTS:
C:\Program Files\Unity\Hub\Editor\2020.3.7f1\Editor\Unity.exe
-adb2
-batchMode
-noUpm
-name
AssetImportWorker3
-projectPath
D:/Unity Projects/Junior-Programmer-Checkpoint
-logFile
Logs/AssetImportWorker3.log
-srvPort
51261
Successfully changed project path to: D:/Unity Projects/Junior-Programmer-Checkpoint
D:/Unity Projects/Junior-Programmer-Checkpoint
Using Asset Import Pipeline V2.
Refreshing native plugins compatible for Editor in 315.05 ms, found 0 plugins.
Preloading 0 native plugins for Editor in 0.00 ms.
Initialize engine version: 2020.3.7f1 (dd97f2c94397)
[Subsystems] Discovering subsystems at path C:/Program Files/Unity/Hub/Editor/2020.3.7f1/Editor/Data/Resources/UnitySubsystems
[Subsystems] Discovering subsystems at path D:/Unity Projects/Junior-Programmer-Checkpoint/Assets
GfxDevice: creating device client; threaded=0
Direct3D:
    Version:  Direct3D 11.0 [level 11.1]
    Renderer: Intel(R) HD Graphics (ID=0x22b1)
    Vendor:   
    VRAM:     1996 MB
    Driver:   20.19.15.4963
Shader 'Universal Render Pipeline/Particles/Lit': fallback shader 'Universal Render Pipeline/Particles/SimpleLit' not found
Initialize mono
Mono path[0] = 'C:/Program Files/Unity/Hub/Editor/2020.3.7f1/Editor/Data/Managed'
Mono path[1] = 'C:/Program Files/Unity/Hub/Editor/2020.3.7f1/Editor/Data/MonoBleedingEdge/lib/mono/unityjit'
Mono config path = 'C:/Program Files/Unity/Hub/Editor/2020.3.7f1/Editor/Data/MonoBleedingEdge/etc'
Using monoOptions --debugger-agent=transport=dt_socket,embedding=1,server=y,suspend=n,address=127.0.0.1:56936
Begin MonoManager ReloadAssembly
Registering precompiled unity dll's ...
Register platform support module: C:/Program Files/Unity/Hub/Editor/2020.3.7f1/Editor/Data/PlaybackEngines/WebGLSupport/UnityEditor.WebGL.Extensions.dll
Register platform support module: C:/Program Files/Unity/Hub/Editor/2020.3.7f1/Editor/Data/PlaybackEngines/WindowsStandaloneSupport/UnityEditor.WindowsStandalone.Extensions.dll
Registered in 0.010585 seconds.
Native extension for WindowsStandalone target not found
Native extension for WebGL target not found
Refreshing native plugins compatible for Editor in 212.01 ms, found 0 plugins.
Preloading 0 native plugins for Editor in 0.00 ms.
Mono: successfully reloaded assembly
- Completed reload, in  5.700 seconds
Platform modules already initialized, skipping
Registering precompiled user dll's ...
Registered in 0.004815 seconds.
Begin MonoManager ReloadAssembly
Native extension for WindowsStandalone target not found
Native extension for WebGL target not found
Refreshing native plugins compatible for Editor in 187.03 ms, found 0 plugins.
Preloading 0 native plugins for Editor in 0.00 ms.
Mono: successfully reloaded assembly
- Completed reload, in  5.013 seconds
Platform modules already initialized, skipping
========================================================================
Worker process is ready to serve import requests
Shader 'Universal Render Pipeline/Particles/Lit': fallback shader 'Universal Render Pipeline/Particles/SimpleLit' not found
Launched and connected shader compiler UnityShaderCompiler.exe after 0.41 seconds
Refreshing native plugins compatible for Editor in 1.58 ms, found 0 plugins.
Preloading 0 native plugins for Editor in 0.00 ms.
Unloading 2423 Unused Serialized files (Serialized files now loaded: 0)
System memory in use before: 119.6 MB.
System memory in use after: 119.7 MB.

Unloading 10 unused Assets to reduce memory usage. Loaded Objects now: 2878.
Total: 10.031200 ms (FindLiveObjects: 1.270100 ms CreateObjectMapping: 0.523200 ms MarkObjects: 7.874300 ms  DeleteObjects: 0.358000 ms)

========================================================================
Received Import Request.
  path: Assets/Scripts/MenuUI.cs
  artifactKey: Guid(1d69955aa49b0aa4d9dd8884d7008b51) Importer(815301076,1909f56bfc062723c751e8b465ee728b)
Start importing Assets/Scripts/MenuUI.cs using Guid(1d69955aa49b0aa4d9dd8884d7008b51) Importer(815301076,1909f56bfc062723c751e8b465ee728b)  -> (artifact id: 'dd783e95a716214fc7f397236b265590') in 0.502244 seconds
  Import took 0.671031 seconds .

========================================================================
Received Import Request.
  Time since last request: 12.246392 seconds.
  path: Assets/Scripts/MenuUI.cs
  artifactKey: Guid(1d69955aa49b0aa4d9dd8884d7008b51) Importer(815301076,1909f56bfc062723c751e8b465ee728b)
Start importing Assets/Scripts/MenuUI.cs using Guid(1d69955aa49b0aa4d9dd8884d7008b51) Importer(815301076,1909f56bfc062723c751e8b465ee728b)  -> (artifact id: '6b8503bf43651adb98f420154d8f9c42') in 0.061049 seconds
  Import took 0.174374 seconds .

========================================================================
Received Prepare
Registering precompiled user dll's ...
Registered in 0.006413 seconds.
Begin MonoManager ReloadAssembly
Native extension for WindowsStandalone target not found
Native extension for WebGL target not found
Refreshing native plugins compatible for Editor in 1.53 ms, found 0 plugins.
Preloading 0 native plugins for Editor in 0.00 ms.
Mono: successfully reloaded assembly
- Completed reload, in  9.236 seconds
Platform modules already initialized, skipping
Shader 'Universal Render Pipeline/Particles/Lit': fallback shader 'Universal Render Pipeline/Particles/SimpleLit' not found
Refreshing native plugins compatible for Editor in 1.72 ms, found 0 plugins.
Preloading 0 native plugins for Editor in 0.00 ms.
Unloading 2314 Unused Serialized files (Serialized files now loaded: 0)
System memory in use before: 112.6 MB.
System memory in use after: 112.9 MB.

Unloading 5 unused Assets to reduce memory usage. Loaded Objects now: 2881.
Total: 11.660900 ms (FindLiveObjects: 4.015200 ms CreateObjectMapping: 0.581600 ms MarkObjects: 6.988600 ms  DeleteObjects: 0.068500 ms)

========================================================================
Received Prepare
Registering precompiled user dll's ...
Registered in 0.004932 seconds.
Begin MonoManager ReloadAssembly
Native extension for WindowsStandalone target not found
Native extension for WebGL target not found
Refreshing native plugins compatible for Editor in 3.16 ms, found 0 plugins.
Preloading 0 native plugins for Editor in 0.00 ms.
Mono: successfully reloaded assembly
- Completed reload, in  5.647 seconds
Platform modules already initialized, skipping
Shader 'Universal Render Pipeline/Particles/Lit': fallback shader 'Universal Render Pipeline/Particles/SimpleLit' not found
Refreshing native plugins compatible for Editor in 1.38 ms, found 0 plugins.
Preloading 0 native plugins for Editor in 0.00 ms.
Unloading 2314 Unused Serialized files (Serialized files now loaded: 0)
System memory in use before: 112.7 MB.
System memory in use after: 112.9 MB.

Unloading 5 unused Assets to reduce memory usage. Loaded Objects now: 2884.
Total: 15.632500 ms (FindLiveObjects: 2.126200 ms CreateObjectMapping: 0.629200 ms MarkObjects: 12.802200 ms  DeleteObjects: 0.069100 ms)

========================================================================
Received Import Request.
  Time since last request: 213.703036 seconds.
  path: Assets/Scripts/MenuUI.cs
  artifactKey: Guid(1d69955aa49b0aa4d9dd8884d7008b51) Importer(815301076,1909f56bfc062723c751e8b465ee728b)
Start importing Assets/Scripts/MenuUI.cs using Guid(1d69955aa49b0aa4d9dd8884d7008b51) Importer(815301076,1909f56bfc062723c751e8b465ee728b)  -> (artifact id: 'e014d5a8cdf4f089f4ba1e4f726439e0') in 0.028332 seconds
  Import took 0.141713 seconds .

========================================================================
Received Prepare
Registering precompiled user dll's ...
Registered in 0.005836 seconds.
Begin MonoManager ReloadAssembly
Native extension for WindowsStandalone target not found
Native extension for WebGL target not found
Refreshing native plugins compatible for Editor in 2.50 ms, found 0 plugins.
Preloading 0 native plugins for Editor in 0.00 ms.
Mono: successfully reloaded assembly
- Completed reload, in  4.820 seconds
Platform modules already initialized, skipping
Shader 'Universal Render Pipeline/Particles/Lit': fallback shader 'Universal Render Pipeline/Particles/SimpleLit' not found
Refreshing native plugins compatible for Editor in 2.22 ms, found 0 plugins.
Preloading 0 native plugins for Editor in 0.00 ms.
Unloading 2314 Unused Serialized files (Serialized files now loaded: 0)
System memory in use before: 112.7 MB.
System memory in use after: 112.9 MB.

Unloading 5 unused Assets to reduce memory usage. Loaded Objects now: 2887.
Total: 12.625900 ms (FindLiveObjects: 4.000400 ms CreateObjectMapping: 1.644200 ms MarkObjects: 6.908200 ms  DeleteObjects: 0.067000 ms)

========================================================================
Received Import Request.
  Time since last request: 194.785186 seconds.
  path: Assets/Scripts/MainManager.cs
  artifactKey: Guid(d110623a642692246a42fbc2d8d89884) Importer(815301076,1909f56bfc062723c751e8b465ee728b)
Start importing Assets/Scripts/MainManager.cs using Guid(d110623a642692246a42fbc2d8d89884) Importer(815301076,1909f56bfc062723c751e8b465ee728b)  -> (artifact id: 'c840ff90a468c841c11efe49801efa9b') in 0.120607 seconds
  Import took 0.202265 seconds .

========================================================================
Received Prepare
Registering precompiled user dll's ...
Registered in 0.121397 seconds.
Begin MonoManager ReloadAssembly
Native extension for WindowsStandalone target not found
Native extension for WebGL target not found
Refreshing native plugins compatible for Editor in 1.42 ms, found 0 plugins.
Preloading 0 native plugins for Editor in 0.00 ms.
Mono: successfully reloaded assembly
- Completed reload, in 16.829 seconds
Platform modules already initialized, skipping
Shader 'Universal Render Pipeline/Particles/Lit': fallback shader 'Universal Render Pipeline/Particles/SimpleLit' not found
Refreshing native plugins compatible for Editor in 1.50 ms, found 0 plugins.
Preloading 0 native plugins for Editor in 0.00 ms.
Unloading 2314 Unused Serialized files (Serialized files now loaded: 0)
System memory in use before: 112.7 MB.
System memory in use after: 112.9 MB.

Unloading 5 unused Assets to reduce memory usage. Loaded Objects now: 2890.
Total: 9.674200 ms (FindLiveObjects: 1.588500 ms CreateObjectMapping: 0.474700 ms MarkObjects: 7.517900 ms  DeleteObjects: 0.087000 ms)

========================================================================
Received Prepare
Registering precompiled user dll's ...
Registered in 0.007635 seconds.
Begin MonoManager ReloadAssembly
Native extension for WindowsStandalone target not found
Native extension for WebGL target not found
Refreshing native plugins compatible for Editor in 5.25 ms, found 0 plugins.
Preloading 0 native plugins for Editor in 0.00 ms.
Mono: successfully reloaded assembly
- Completed reload, in  5.603 seconds
Platform modules already initialized, skipping
Shader 'Universal Render Pipeline/Particles/Lit': fallback shader 'Universal Render Pipeline/Particles/SimpleLit' not found
Refreshing native plugins compatible for Editor in 1.49 ms, found 0 plugins.
Preloading 0 native plugins for Editor in 0.00 ms.
Unloading 2314 Unused Serialized files (Serialized files now loaded: 0)
System memory in use before: 112.6 MB.
System memory in use after: 112.9 MB.

Unloading 5 unused Assets to reduce memory usage. Loaded Objects now: 2893.
Total: 27.836400 ms (FindLiveObjects: 1.603100 ms CreateObjectMapping: 14.503100 ms MarkObjects: 11.614000 ms  DeleteObjects: 0.107200 ms)

========================================================================
Received Prepare
Registering precompiled user dll's ...
Registered in 0.011482 seconds.
Begin MonoManager ReloadAssembly
Native extension for WindowsStandalone target not found
Native extension for WebGL target not found
Refreshing native plugins compatible for Editor in 1.38 ms, found 0 plugins.
Preloading 0 native plugins for Editor in 0.00 ms.
Mono: successfully reloaded assembly
- Completed reload, in  6.163 seconds
Platform modules already initialized, skipping
Shader 'Universal Render Pipeline/Particles/Lit': fallback shader 'Universal Render Pipeline/Particles/SimpleLit' not found
Refreshing native plugins compatible for Editor in 26.90 ms, found 0 plugins.
Preloading 0 native plugins for Editor in 0.00 ms.
Unloading 2314 Unused Serialized files (Serialized files now loaded: 0)
System memory in use before: 112.7 MB.
System memory in use after: 113.0 MB.

Unloading 5 unused Assets to reduce memory usage. Loaded Objects now: 2896.
Total: 10.160500 ms (FindLiveObjects: 1.326300 ms CreateObjectMapping: 0.501500 ms MarkObjects: 8.258400 ms  DeleteObjects: 0.068200 ms)

========================================================================
Received Import Request.
  Time since last request: 857.397039 seconds.
  path: Assets/Scenes/start.unity
  artifactKey: Guid(835b3092abec7804084bd73e36180a74) Importer(815301076,1909f56bfc062723c751e8b465ee728b)
Start importing Assets/Scenes/start.unity using Guid(835b3092abec7804084bd73e36180a74) Importer(815301076,1909f56bfc062723c751e8b465ee728b)  -> (artifact id: '61db99e347b9e018a4495820d8301053') in 0.093734 seconds
  Import took 0.159106 seconds .

========================================================================
Received Prepare
Registering precompiled user dll's ...
Registered in 0.014625 seconds.
Begin MonoManager ReloadAssembly
Native extension for WindowsStandalone target not found
Native extension for WebGL target not found
Refreshing native plugins compatible for Editor in 1.36 ms, found 0 plugins.
Preloading 0 native plugins for Editor in 0.00 ms.
Mono: successfully reloaded assembly
- Completed reload, in  3.846 seconds
Platform modules already initialized, skipping
Shader 'Universal Render Pipeline/Particles/Lit': fallback shader 'Universal Render Pipeline/Particles/SimpleLit' not found
Refreshing native plugins compatible for Editor in 2.27 ms, found 0 plugins.
Preloading 0 native plugins for Editor in 0.00 ms.
Unloading 2314 Unused Serialized files (Serialized files now loaded: 0)
System memory in use before: 112.8 MB.
System memory in use after: 113.0 MB.

Unloading 5 unused Assets to reduce memory usage. Loaded Objects now: 2899.
Total: 13.484900 ms (FindLiveObjects: 3.041200 ms CreateObjectMapping: 1.671800 ms MarkObjects: 8.633300 ms  DeleteObjects: 0.116800 ms)

========================================================================
Received Prepare
Registering precompiled user dll's ...
Registered in 0.007926 seconds.
Begin MonoManager ReloadAssembly
Native extension for WindowsStandalone target not found
Native extension for WebGL target not found
Refreshing native plugins compatible for Editor in 1.61 ms, found 0 plugins.
Preloading 0 native plugins for Editor in 0.00 ms.
Mono: successfully reloaded assembly
- Completed reload, in  5.078 seconds
Platform modules already initialized, skipping
Shader 'Universal Render Pipeline/Particles/Lit': fallback shader 'Universal Render Pipeline/Particles/SimpleLit' not found
Refreshing native plugins compatible for Editor in 1.76 ms, found 0 plugins.
Preloading 0 native plugins for Editor in 0.00 ms.
Unloading 2314 Unused Serialized files (Serialized files now loaded: 0)
System memory in use before: 112.8 MB.
System memory in use after: 113.0 MB.

Unloading 5 unused Assets to reduce memory usage. Loaded Objects now: 2902.
Total: 8.865100 ms (FindLiveObjects: 1.097700 ms CreateObjectMapping: 0.462800 ms MarkObjects: 7.207600 ms  DeleteObjects: 0.090900 ms)

========================================================================
Received Prepare
Registering precompiled user dll's ...
Registered in 0.006190 seconds.
Begin MonoManager ReloadAssembly
Native extension for WindowsStandalone target not found
Native extension for WebGL target not found
Refreshing native plugins compatible for Editor in 1.49 ms, found 0 plugins.
Preloading 0 native plugins for Editor in 0.00 ms.
Mono: successfully reloaded assembly
- Completed reload, in  4.964 seconds
Platform modules already initialized, skipping
Shader 'Universal Render Pipeline/Particles/Lit': fallback shader 'Universal Render Pipeline/Particles/SimpleLit' not found
Refreshing native plugins compatible for Editor in 1.99 ms, found 0 plugins.
Preloading 0 native plugins for Editor in 0.00 ms.
Unloading 2314 Unused Serialized files (Serialized files now loaded: 0)
System memory in use before: 112.8 MB.
System memory in use after: 113.0 MB.

Unloading 5 unused Assets to reduce memory usage. Loaded Objects now: 2905.
Total: 9.665500 ms (FindLiveObjects: 1.057900 ms CreateObjectMapping: 0.438500 ms MarkObjects: 8.093700 ms  DeleteObjects: 0.070300 ms)

========================================================================
Received Prepare
Registering precompiled user dll's ...
Registered in 0.007737 seconds.
Begin MonoManager ReloadAssembly
Native extension for WindowsStandalone target not found
Native extension for WebGL target not found
Refreshing native plugins compatible for Editor in 1.79 ms, found 0 plugins.
Preloading 0 native plugins for Editor in 0.00 ms.
Mono: successfully reloaded assembly
- Completed reload, in  4.866 seconds
Platform modules already initialized, skipping
Shader 'Universal Render Pipeline/Particles/Lit': fallback shader 'Universal Render Pipeline/Particles/SimpleLit' not found
Refreshing native plugins compatible for Editor in 1.45 ms, found 0 plugins.
Preloading 0 native plugins for Editor in 0.00 ms.
Unloading 2314 Unused Serialized files (Serialized files now loaded: 0)
System memory in use before: 112.7 MB.
System memory in use after: 112.9 MB.

Unloading 5 unused Assets to reduce memory usage. Loaded Objects now: 2908.
Total: 13.907700 ms (FindLiveObjects: 2.124700 ms CreateObjectMapping: 2.005300 ms MarkObjects: 9.525100 ms  DeleteObjects: 0.245900 ms)

========================================================================
Received Prepare
Registering precompiled user dll's ...
Registered in 0.029812 seconds.
Begin MonoManager ReloadAssembly
Native extension for WindowsStandalone target not found
Native extension for WebGL target not found
Refreshing native plugins compatible for Editor in 5.33 ms, found 0 plugins.
Preloading 0 native plugins for Editor in 0.00 ms.
Mono: successfully reloaded assembly
- Completed reload, in 10.770 seconds
Platform modules already initialized, skipping
Shader 'Universal Render Pipeline/Particles/Lit': fallback shader 'Universal Render Pipeline/Particles/SimpleLit' not found
Refreshing native plugins compatible for Editor in 1.50 ms, found 0 plugins.
Preloading 0 native plugins for Editor in 0.00 ms.
Unloading 2314 Unused Serialized files (Serialized files now loaded: 0)
System memory in use before: 112.8 MB.
System memory in use after: 113.0 MB.

Unloading 5 unused Assets to reduce memory usage. Loaded Objects now: 2911.
Total: 12.583100 ms (FindLiveObjects: 1.608400 ms CreateObjectMapping: 0.713500 ms MarkObjects: 9.804500 ms  DeleteObjects: 0.450000 ms)

========================================================================
Received Import Request.
  Time since last request: 898.995074 seconds.
  path: Assets/Scripts
  artifactKey: Guid(02a3527b6b33a924e8ec66aa805ea717) Importer(815301076,1909f56bfc062723c751e8b465ee728b)
Start importing Assets/Scripts using Guid(02a3527b6b33a924e8ec66aa805ea717) Importer(815301076,1909f56bfc062723c751e8b465ee728b)  -> (artifact id: 'b344c0b82b8aa901179a7864745fc067') in 0.107052 seconds
  Import took 0.136803 seconds .

========================================================================
Received Import Request.
  Time since last request: 11.317309 seconds.
  path: Assets/Scripts/MainGameManager.cs
  artifactKey: Guid(b13998d8d2cff194cace1f3f46982bdf) Importer(815301076,1909f56bfc062723c751e8b465ee728b)
Start importing Assets/Scripts/MainGameManager.cs using Guid(b13998d8d2cff194cace1f3f46982bdf) Importer(815301076,1909f56bfc062723c751e8b465ee728b)  -> (artifact id: '9aa57ef6b28a1e4579036edbe0833dc1') in 0.026065 seconds
  Import took 0.049471 seconds .

========================================================================
Received Prepare
Registering precompiled user dll's ...
Registered in 0.005331 seconds.
Begin MonoManager ReloadAssembly
Native extension for WindowsStandalone target not found
Native extension for WebGL target not found
Refreshing native plugins compatible for Editor in 1.67 ms, found 0 plugins.
Preloading 0 native plugins for Editor in 0.00 ms.
Mono: successfully reloaded assembly
- Completed reload, in  4.384 seconds
Platform modules already initialized, skipping
Shader 'Universal Render Pipeline/Particles/Lit': fallback shader 'Universal Render Pipeline/Particles/SimpleLit' not found
Refreshing native plugins compatible for Editor in 1.61 ms, found 0 plugins.
Preloading 0 native plugins for Editor in 0.00 ms.
Unloading 2315 Unused Serialized files (Serialized files now loaded: 0)
System memory in use before: 112.8 MB.
System memory in use after: 113.0 MB.

Unloading 5 unused Assets to reduce memory usage. Loaded Objects now: 2915.
Total: 9.397700 ms (FindLiveObjects: 1.387300 ms CreateObjectMapping: 0.467500 ms MarkObjects: 7.462100 ms  DeleteObjects: 0.074000 ms)

========================================================================
Received Prepare
Registering precompiled user dll's ...
Registered in 0.007817 seconds.
Begin MonoManager ReloadAssembly
Native extension for WindowsStandalone target not found
Native extension for WebGL target not found
Refreshing native plugins compatible for Editor in 1.65 ms, found 0 plugins.
Preloading 0 native plugins for Editor in 0.00 ms.
Mono: successfully reloaded assembly
- Completed reload, in  5.442 seconds
Platform modules already initialized, skipping
Shader 'Universal Render Pipeline/Particles/Lit': fallback shader 'Universal Render Pipeline/Particles/SimpleLit' not found
Refreshing native plugins compatible for Editor in 26.00 ms, found 0 plugins.
Preloading 0 native plugins for Editor in 0.00 ms.
Unloading 2315 Unused Serialized files (Serialized files now loaded: 0)
System memory in use before: 112.8 MB.
System memory in use after: 113.0 MB.

Unloading 5 unused Assets to reduce memory usage. Loaded Objects now: 2918.
Total: 11.533900 ms (FindLiveObjects: 1.608500 ms CreateObjectMapping: 0.452300 ms MarkObjects: 9.397900 ms  DeleteObjects: 0.068800 ms)

========================================================================
Received Import Request.
  Time since last request: 186.226368 seconds.
  path: Assets/Scripts/MainGameManager.cs
  artifactKey: Guid(b13998d8d2cff194cace1f3f46982bdf) Importer(815301076,1909f56bfc062723c751e8b465ee728b)
Start importing Assets/Scripts/MainGameManager.cs using Guid(b13998d8d2cff194cace1f3f46982bdf) Importer(815301076,1909f56bfc062723c751e8b465ee728b)  -> (artifact id: '0ef7e82ca20d59a2d9514c97b19d8f03') in 0.143180 seconds
  Import took 0.162864 seconds .

========================================================================
Received Import Request.
  Time since last request: 1.008113 seconds.
  path: Assets/Scripts/MainGameManager.cs
  artifactKey: Guid(b13998d8d2cff194cace1f3f46982bdf) Importer(815301076,1909f56bfc062723c751e8b465ee728b)
Start importing Assets/Scripts/MainGameManager.cs using Guid(b13998d8d2cff194cace1f3f46982bdf) Importer(815301076,1909f56bfc062723c751e8b465ee728b)  -> (artifact id: '0ef7e82ca20d59a2d9514c97b19d8f03') in 0.094128 seconds
  Import took 0.118053 seconds .

========================================================================
Received Prepare
Registering precompiled user dll's ...
Registered in 0.037212 seconds.
Begin MonoManager ReloadAssembly
Native extension for WindowsStandalone target not found
Native extension for WebGL target not found
Refreshing native plugins compatible for Editor in 3.57 ms, found 0 plugins.
Preloading 0 native plugins for Editor in 0.00 ms.
Mono: successfully reloaded assembly
- Completed reload, in 15.420 seconds
Platform modules already initialized, skipping
Shader 'Universal Render Pipeline/Particles/Lit': fallback shader 'Universal Render Pipeline/Particles/SimpleLit' not found
Refreshing native plugins compatible for Editor in 1.87 ms, found 0 plugins.
Preloading 0 native plugins for Editor in 0.00 ms.
Unloading 2315 Unused Serialized files (Serialized files now loaded: 0)
System memory in use before: 112.8 MB.
System memory in use after: 113.0 MB.

Unloading 5 unused Assets to reduce memory usage. Loaded Objects now: 2921.
Total: 17.005800 ms (FindLiveObjects: 1.168700 ms CreateObjectMapping: 7.889100 ms MarkObjects: 7.868700 ms  DeleteObjects: 0.072400 ms)

========================================================================
Received Prepare
Registering precompiled user dll's ...
Registered in 0.006544 seconds.
Begin MonoManager ReloadAssembly
Native extension for WindowsStandalone target not found
Native extension for WebGL target not found
Refreshing native plugins compatible for Editor in 5.48 ms, found 0 plugins.
Preloading 0 native plugins for Editor in 0.00 ms.
Mono: successfully reloaded assembly
- Completed reload, in 10.588 seconds
Platform modules already initialized, skipping
Shader 'Universal Render Pipeline/Particles/Lit': fallback shader 'Universal Render Pipeline/Particles/SimpleLit' not found
Refreshing native plugins compatible for Editor in 2.65 ms, found 0 plugins.
Preloading 0 native plugins for Editor in 0.00 ms.
Unloading 2315 Unused Serialized files (Serialized files now loaded: 0)
System memory in use before: 112.7 MB.
System memory in use after: 112.9 MB.

Unloading 5 unused Assets to reduce memory usage. Loaded Objects now: 2924.
Total: 29.962700 ms (FindLiveObjects: 1.173400 ms CreateObjectMapping: 0.454300 ms MarkObjects: 28.248600 ms  DeleteObjects: 0.079700 ms)

========================================================================
Received Import Request.
  Time since last request: 341.332709 seconds.
  path: Assets/Scripts/MenuUI.cs
  artifactKey: Guid(1d69955aa49b0aa4d9dd8884d7008b51) Importer(815301076,1909f56bfc062723c751e8b465ee728b)
Start importing Assets/Scripts/MenuUI.cs using Guid(1d69955aa49b0aa4d9dd8884d7008b51) Importer(815301076,1909f56bfc062723c751e8b465ee728b)  -> (artifact id: '1051d19cf9380626ea064d4bbbd82411') in 0.024384 seconds
  Import took 0.065446 seconds .

========================================================================
Received Import Request.
  Time since last request: 0.082800 seconds.
  path: Assets/Scripts/MenuUI.cs
  artifactKey: Guid(1d69955aa49b0aa4d9dd8884d7008b51) Importer(815301076,1909f56bfc062723c751e8b465ee728b)
Start importing Assets/Scripts/MenuUI.cs using Guid(1d69955aa49b0aa4d9dd8884d7008b51) Importer(815301076,1909f56bfc062723c751e8b465ee728b)  -> (artifact id: '1051d19cf9380626ea064d4bbbd82411') in 0.063233 seconds
  Import took 0.102869 seconds .

AssetImportWorkerClient::OnTransportError - code=2 error=End of file
